
[dhfgaebc]
[gaebcdhf]
[aebcdhfg]
[aebcdhfg]
[aebgdhfc]
[abegdhfc]
[abdeghfc]
[adebghfc]
[fdebghac]
[fdebgahc]
[fdebgahc]
[fedbgahc]
[fchagbde]
[fcagbdeh]
[fcahbdeg]
[cfahbdeg]
[cfedbhag]
[agcfedbh]
[agcfebdh]
[agcfdebh]
[abcfdegh]
[ebcfdagh]
[ghebcfda]
[hebcfdag]
[fdaghebc]
[fdaghcbe]
[ghcbefda]
[ghbcefda]
[ghacefdb]
[gahcefdb]
[gchaefdb]
[achgefdb]
[afhgecdb]
[fhgecdba]
[fagecdbh]
[gecdbhfa]
[gedcbhfa]
[edcbhfag]
[fagedcbh]
[fagebcdh]
[agfebcdh]
[gfebcdha]
[gcbefdha]
[agcbefdh]
[agcbdfeh]
[agbcdfeh]
[ehagbcdf]
[ehgbcdfa]
[eagbcdfh]
[cdfheagb]
[bcdfheag]
[ecdfhbag]
[bcdfheag]
[bgdfheac]
[fheacbgd]
[eacbgdfh]
[eacbghfd]
[hacbgefd]
[hacbegfd]
[dhacbegf]
[dhacbegf]
[dahcbegf]
[dafcbegh]
[dafchegb]
[cafdhegb]
[hdfacegb]
[egbhdfac]
[egbhdafc]
[hdafcegb]
[gbhdafce]
[gbchdafe]
[chdafegb]
[chdafgeb]
[chbegfad]
[begfadch]
[hbegfadc]
[chbegfad]
[chfgebad]
[cgfhebad]
[cgfaebhd]
[cdfaebhg]
[cdgaebhf]
[cdgeabhf]
[cfgeabhd]
[efgcabhd]
[efgcadhb]
[efhdacgb]
[befhdacg]
[befhgcad]
[befdacgh]
[efdacghb]
[ecadfghb]
[ecadfhgb]
[ecdafhgb]
[ecdafghb]
[afghbecd]
[bhgfaecd]
[bfghaecd]
[efghabcd]tter e
[abcdefgh]
